{"/home/fe/Projects/food-diary/App.js": {"path":"/home/fe/Projects/food-diary/App.js","statementMap":{"0":{"start":{"line":15,"column":27},"end":{"line":15,"column":43}},"1":{"start":{"line":18,"column":50},"end":{"line":18,"column":65}},"2":{"start":{"line":19,"column":44},"end":{"line":19,"column":59}},"3":{"start":{"line":21,"column":2},"end":{"line":38,"column":3}},"4":{"start":{"line":22,"column":4},"end":{"line":29,"column":5}},"5":{"start":{"line":27,"column":24},"end":{"line":27,"column":63}},"6":{"start":{"line":31,"column":4},"end":{"line":37,"column":5}},"7":{"start":{"line":42,"column":2},"end":{"line":50,"column":4}},"8":{"start":{"line":56,"column":2},"end":{"line":56,"column":21}},"9":{"start":{"line":60,"column":2},"end":{"line":60,"column":26}},"10":{"start":{"line":63,"column":15},"end":{"line":68,"column":2}}},"fnMap":{"0":{"name":"App","decl":{"start":{"line":17,"column":24},"end":{"line":17,"column":27}},"loc":{"start":{"line":17,"column":35},"end":{"line":39,"column":1}},"line":17},"1":{"name":"(anonymous_1)","decl":{"start":{"line":27,"column":18},"end":{"line":27,"column":19}},"loc":{"start":{"line":27,"column":24},"end":{"line":27,"column":63}},"line":27},"2":{"name":"loadResourcesAsync","decl":{"start":{"line":41,"column":15},"end":{"line":41,"column":33}},"loc":{"start":{"line":41,"column":36},"end":{"line":51,"column":1}},"line":41},"3":{"name":"handleLoadingError","decl":{"start":{"line":53,"column":9},"end":{"line":53,"column":27}},"loc":{"start":{"line":53,"column":35},"end":{"line":57,"column":1}},"line":53},"4":{"name":"handleFinishLoading","decl":{"start":{"line":59,"column":9},"end":{"line":59,"column":28}},"loc":{"start":{"line":59,"column":49},"end":{"line":61,"column":1}},"line":59}},"branchMap":{"0":{"loc":{"start":{"line":21,"column":2},"end":{"line":38,"column":3}},"type":"if","locations":[{"start":{"line":21,"column":2},"end":{"line":38,"column":3}},{"start":{"line":21,"column":2},"end":{"line":38,"column":3}}],"line":21},"1":{"loc":{"start":{"line":21,"column":6},"end":{"line":21,"column":52}},"type":"binary-expr","locations":[{"start":{"line":21,"column":6},"end":{"line":21,"column":24}},{"start":{"line":21,"column":28},"end":{"line":21,"column":52}}],"line":21}},"s":{"0":0,"1":0,"2":0,"3":0,"4":0,"5":0,"6":0,"7":0,"8":0,"9":0,"10":0},"f":{"0":0,"1":0,"2":0,"3":0,"4":0},"b":{"0":[0,0],"1":[0,0]},"hash":"c37e2103bdf19ce280f26a06b7a30dbeaf8a7834"}
,"/home/fe/Projects/food-diary/components/AppContainer.js": {"path":"/home/fe/Projects/food-diary/components/AppContainer.js","statementMap":{"0":{"start":{"line":7,"column":22},"end":{"line":16,"column":1}},"1":{"start":{"line":8,"column":18},"end":{"line":8,"column":23}},"2":{"start":{"line":10,"column":2},"end":{"line":15,"column":3}},"3":{"start":{"line":18,"column":24},"end":{"line":20,"column":2}},"4":{"start":{"line":18,"column":34},"end":{"line":20,"column":1}},"5":{"start":{"line":22,"column":21},"end":{"line":22,"column":60}},"6":{"start":{"line":26,"column":15},"end":{"line":31,"column":2}}},"fnMap":{"0":{"name":"(anonymous_0)","decl":{"start":{"line":7,"column":22},"end":{"line":7,"column":23}},"loc":{"start":{"line":7,"column":31},"end":{"line":16,"column":1}},"line":7},"1":{"name":"(anonymous_1)","decl":{"start":{"line":18,"column":24},"end":{"line":18,"column":25}},"loc":{"start":{"line":18,"column":34},"end":{"line":20,"column":1}},"line":18}},"branchMap":{"0":{"loc":{"start":{"line":12,"column":7},"end":{"line":12,"column":64}},"type":"binary-expr","locations":[{"start":{"line":12,"column":7},"end":{"line":12,"column":28}},{"start":{"line":12,"column":32},"end":{"line":12,"column":64}}],"line":12},"1":{"loc":{"start":{"line":13,"column":7},"end":{"line":13,"column":68}},"type":"cond-expr","locations":[{"start":{"line":13,"column":15},"end":{"line":13,"column":53}},{"start":{"line":13,"column":56},"end":{"line":13,"column":68}}],"line":13}},"s":{"0":0,"1":0,"2":0,"3":0,"4":0,"5":0,"6":0},"f":{"0":0,"1":0},"b":{"0":[0,0],"1":[0,0]},"hash":"7ef8ff50a023d7bc8fbd839a661718df6cc2c9f5"}
,"/home/fe/Projects/food-diary/components/StyledText.js": {"path":"/home/fe/Projects/food-diary/components/StyledText.js","statementMap":{"0":{"start":{"line":5,"column":2},"end":{"line":7,"column":4}}},"fnMap":{"0":{"name":"MonoText","decl":{"start":{"line":4,"column":16},"end":{"line":4,"column":24}},"loc":{"start":{"line":4,"column":32},"end":{"line":8,"column":1}},"line":4}},"branchMap":{},"s":{"0":1},"f":{"0":1},"b":{},"_coverageSchema":"43e27e138ebf9cfc5966b082cf9a028302ed4184","hash":"57d9d891818006459f2f6e19e4a34bc63cb6b8fd"}
,"/home/fe/Projects/food-diary/components/TabBarIcon.js": {"path":"/home/fe/Projects/food-diary/components/TabBarIcon.js","statementMap":{"0":{"start":{"line":7,"column":2},"end":{"line":14,"column":4}}},"fnMap":{"0":{"name":"TabBarIcon","decl":{"start":{"line":6,"column":24},"end":{"line":6,"column":34}},"loc":{"start":{"line":6,"column":42},"end":{"line":15,"column":1}},"line":6}},"branchMap":{"0":{"loc":{"start":{"line":12,"column":13},"end":{"line":12,"column":75}},"type":"cond-expr","locations":[{"start":{"line":12,"column":29},"end":{"line":12,"column":51}},{"start":{"line":12,"column":54},"end":{"line":12,"column":75}}],"line":12}},"s":{"0":2},"f":{"0":2},"b":{"0":[1,1]},"_coverageSchema":"43e27e138ebf9cfc5966b082cf9a028302ed4184","hash":"ad3c9bc04d208275215341e63b8f97c1d8e17480"}
,"/home/fe/Projects/food-diary/components/AuthPage/index.js": {"path":"/home/fe/Projects/food-diary/components/AuthPage/index.js","statementMap":{"0":{"start":{"line":16,"column":18},"end":{"line":67,"column":1}},"1":{"start":{"line":17,"column":50},"end":{"line":17,"column":65}},"2":{"start":{"line":19,"column":24},"end":{"line":19,"column":29}},"3":{"start":{"line":20,"column":4},"end":{"line":20,"column":15}},"4":{"start":{"line":23,"column":2},"end":{"line":66,"column":3}},"5":{"start":{"line":69,"column":0},"end":{"line":71,"column":1}},"6":{"start":{"line":73,"column":15},"end":{"line":112,"column":2}},"7":{"start":{"line":114,"column":24},"end":{"line":117,"column":2}},"8":{"start":{"line":114,"column":34},"end":{"line":117,"column":1}},"9":{"start":{"line":119,"column":27},"end":{"line":121,"column":1}},"10":{"start":{"line":123,"column":17},"end":{"line":123,"column":72}}},"fnMap":{"0":{"name":"(anonymous_0)","decl":{"start":{"line":16,"column":18},"end":{"line":16,"column":19}},"loc":{"start":{"line":16,"column":27},"end":{"line":67,"column":1}},"line":16},"1":{"name":"handleSocialPress","decl":{"start":{"line":18,"column":11},"end":{"line":18,"column":28}},"loc":{"start":{"line":18,"column":31},"end":{"line":21,"column":3}},"line":18},"2":{"name":"(anonymous_2)","decl":{"start":{"line":114,"column":24},"end":{"line":114,"column":25}},"loc":{"start":{"line":114,"column":34},"end":{"line":117,"column":1}},"line":114}},"branchMap":{"0":{"loc":{"start":{"line":33,"column":7},"end":{"line":58,"column":7}},"type":"cond-expr","locations":[{"start":{"line":34,"column":8},"end":{"line":36,"column":15}},{"start":{"line":38,"column":8},"end":{"line":57,"column":15}}],"line":33}},"s":{"0":1,"1":3,"2":2,"3":2,"4":3,"5":1,"6":1,"7":1,"8":3,"9":1,"10":1},"f":{"0":3,"1":2,"2":3},"b":{"0":[0,3]},"_coverageSchema":"43e27e138ebf9cfc5966b082cf9a028302ed4184","hash":"a6822b1ac62f3a45ccd0248d50ec8aaa038dd07b"}
,"/home/fe/Projects/food-diary/constants/Colors.js": {"path":"/home/fe/Projects/food-diary/constants/Colors.js","statementMap":{"0":{"start":{"line":1,"column":18},"end":{"line":1,"column":27}},"1":{"start":{"line":3,"column":17},"end":{"line":9,"column":1}},"2":{"start":{"line":11,"column":19},"end":{"line":15,"column":1}}},"fnMap":{},"branchMap":{},"s":{"0":3,"1":3,"2":3},"f":{},"b":{},"_coverageSchema":"43e27e138ebf9cfc5966b082cf9a028302ed4184","hash":"36974b675a7ca815231c2fd64f6812d49e900f9e"}
,"/home/fe/Projects/food-diary/constants/Layout.js": {"path":"/home/fe/Projects/food-diary/constants/Layout.js","statementMap":{"0":{"start":{"line":3,"column":14},"end":{"line":3,"column":44}},"1":{"start":{"line":4,"column":15},"end":{"line":4,"column":46}}},"fnMap":{},"branchMap":{},"s":{"0":0,"1":0},"f":{},"b":{},"hash":"cd71bf7fd81d263c5bf920af0dbb7789600c845b"}
,"/home/fe/Projects/food-diary/navigation/AppNavigator.js": {"path":"/home/fe/Projects/food-diary/navigation/AppNavigator.js","statementMap":{},"fnMap":{},"branchMap":{},"s":{},"f":{},"b":{},"_coverageSchema":"43e27e138ebf9cfc5966b082cf9a028302ed4184","hash":"434b31b882ac785eac259161063c9835f086b103"}
,"/home/fe/Projects/food-diary/navigation/AppNavigator.web.js": {"path":"/home/fe/Projects/food-diary/navigation/AppNavigator.web.js","statementMap":{"0":{"start":{"line":6,"column":24},"end":{"line":10,"column":2}},"1":{"start":{"line":11,"column":0},"end":{"line":11,"column":26}}},"fnMap":{},"branchMap":{},"s":{"0":0,"1":0},"f":{},"b":{},"hash":"be430f1e29c94390d777253acedc2e38d5fd012c"}
,"/home/fe/Projects/food-diary/navigation/MainTabNavigator.js": {"path":"/home/fe/Projects/food-diary/navigation/MainTabNavigator.js","statementMap":{"0":{"start":{"line":13,"column":15},"end":{"line":16,"column":2}},"1":{"start":{"line":18,"column":18},"end":{"line":23,"column":1}},"2":{"start":{"line":25,"column":0},"end":{"line":40,"column":1}},"3":{"start":{"line":28,"column":4},"end":{"line":35,"column":6}},"4":{"start":{"line":42,"column":0},"end":{"line":42,"column":19}},"5":{"start":{"line":44,"column":19},"end":{"line":49,"column":1}},"6":{"start":{"line":51,"column":0},"end":{"line":62,"column":1}},"7":{"start":{"line":54,"column":4},"end":{"line":57,"column":6}},"8":{"start":{"line":64,"column":0},"end":{"line":64,"column":20}},"9":{"start":{"line":66,"column":22},"end":{"line":71,"column":1}},"10":{"start":{"line":73,"column":0},"end":{"line":84,"column":1}},"11":{"start":{"line":76,"column":4},"end":{"line":79,"column":6}},"12":{"start":{"line":86,"column":0},"end":{"line":86,"column":23}},"13":{"start":{"line":88,"column":21},"end":{"line":92,"column":2}},"14":{"start":{"line":94,"column":0},"end":{"line":94,"column":22}}},"fnMap":{"0":{"name":"(anonymous_0)","decl":{"start":{"line":27,"column":14},"end":{"line":27,"column":15}},"loc":{"start":{"line":28,"column":4},"end":{"line":35,"column":6}},"line":28},"1":{"name":"(anonymous_1)","decl":{"start":{"line":53,"column":14},"end":{"line":53,"column":15}},"loc":{"start":{"line":54,"column":4},"end":{"line":57,"column":6}},"line":54},"2":{"name":"(anonymous_2)","decl":{"start":{"line":75,"column":14},"end":{"line":75,"column":15}},"loc":{"start":{"line":76,"column":4},"end":{"line":79,"column":6}},"line":76}},"branchMap":{"0":{"loc":{"start":{"line":31,"column":8},"end":{"line":33,"column":35}},"type":"cond-expr","locations":[{"start":{"line":32,"column":12},"end":{"line":32,"column":64}},{"start":{"line":33,"column":12},"end":{"line":33,"column":35}}],"line":31},"1":{"loc":{"start":{"line":32,"column":37},"end":{"line":32,"column":62}},"type":"cond-expr","locations":[{"start":{"line":32,"column":47},"end":{"line":32,"column":49}},{"start":{"line":32,"column":52},"end":{"line":32,"column":62}}],"line":32},"2":{"loc":{"start":{"line":56,"column":12},"end":{"line":56,"column":58}},"type":"cond-expr","locations":[{"start":{"line":56,"column":36},"end":{"line":56,"column":46}},{"start":{"line":56,"column":49},"end":{"line":56,"column":58}}],"line":56},"3":{"loc":{"start":{"line":78,"column":12},"end":{"line":78,"column":64}},"type":"cond-expr","locations":[{"start":{"line":78,"column":36},"end":{"line":78,"column":49}},{"start":{"line":78,"column":52},"end":{"line":78,"column":64}}],"line":78}},"s":{"0":1,"1":1,"2":1,"3":0,"4":1,"5":1,"6":1,"7":0,"8":1,"9":1,"10":1,"11":0,"12":1,"13":1,"14":1},"f":{"0":0,"1":0,"2":0},"b":{"0":[0,0],"1":[0,0],"2":[0,0],"3":[0,0]},"_coverageSchema":"43e27e138ebf9cfc5966b082cf9a028302ed4184","hash":"fd39e5ee769054d1a52dc92f468f90b7a9e780ce"}
,"/home/fe/Projects/food-diary/screens/HomeScreen.js": {"path":"/home/fe/Projects/food-diary/screens/HomeScreen.js","statementMap":{"0":{"start":{"line":31,"column":20},"end":{"line":206,"column":1}},"1":{"start":{"line":32,"column":2},"end":{"line":205,"column":3}},"2":{"start":{"line":54,"column":57},"end":{"line":54,"column":76}},"3":{"start":{"line":59,"column":27},"end":{"line":59,"column":49}},"4":{"start":{"line":65,"column":27},"end":{"line":65,"column":49}},"5":{"start":{"line":71,"column":27},"end":{"line":71,"column":49}},"6":{"start":{"line":77,"column":27},"end":{"line":77,"column":49}},"7":{"start":{"line":83,"column":27},"end":{"line":83,"column":49}},"8":{"start":{"line":89,"column":27},"end":{"line":89,"column":49}},"9":{"start":{"line":99,"column":27},"end":{"line":99,"column":49}},"10":{"start":{"line":105,"column":27},"end":{"line":105,"column":49}},"11":{"start":{"line":111,"column":27},"end":{"line":111,"column":49}},"12":{"start":{"line":117,"column":27},"end":{"line":117,"column":49}},"13":{"start":{"line":124,"column":27},"end":{"line":124,"column":49}},"14":{"start":{"line":134,"column":27},"end":{"line":134,"column":49}},"15":{"start":{"line":140,"column":27},"end":{"line":140,"column":49}},"16":{"start":{"line":147,"column":27},"end":{"line":147,"column":49}},"17":{"start":{"line":154,"column":27},"end":{"line":154,"column":49}},"18":{"start":{"line":161,"column":27},"end":{"line":161,"column":49}},"19":{"start":{"line":170,"column":27},"end":{"line":170,"column":49}},"20":{"start":{"line":176,"column":27},"end":{"line":176,"column":49}},"21":{"start":{"line":182,"column":27},"end":{"line":182,"column":49}},"22":{"start":{"line":188,"column":27},"end":{"line":188,"column":49}},"23":{"start":{"line":195,"column":27},"end":{"line":195,"column":49}},"24":{"start":{"line":202,"column":23},"end":{"line":202,"column":45}},"25":{"start":{"line":208,"column":0},"end":{"line":210,"column":1}},"26":{"start":{"line":212,"column":24},"end":{"line":215,"column":2}},"27":{"start":{"line":212,"column":34},"end":{"line":215,"column":1}},"28":{"start":{"line":217,"column":27},"end":{"line":220,"column":1}},"29":{"start":{"line":222,"column":19},"end":{"line":222,"column":76}},"30":{"start":{"line":226,"column":15},"end":{"line":269,"column":2}}},"fnMap":{"0":{"name":"(anonymous_0)","decl":{"start":{"line":31,"column":20},"end":{"line":31,"column":21}},"loc":{"start":{"line":31,"column":29},"end":{"line":206,"column":1}},"line":31},"1":{"name":"(anonymous_1)","decl":{"start":{"line":54,"column":49},"end":{"line":54,"column":50}},"loc":{"start":{"line":54,"column":57},"end":{"line":54,"column":76}},"line":54},"2":{"name":"(anonymous_2)","decl":{"start":{"line":59,"column":21},"end":{"line":59,"column":22}},"loc":{"start":{"line":59,"column":27},"end":{"line":59,"column":49}},"line":59},"3":{"name":"(anonymous_3)","decl":{"start":{"line":65,"column":21},"end":{"line":65,"column":22}},"loc":{"start":{"line":65,"column":27},"end":{"line":65,"column":49}},"line":65},"4":{"name":"(anonymous_4)","decl":{"start":{"line":71,"column":21},"end":{"line":71,"column":22}},"loc":{"start":{"line":71,"column":27},"end":{"line":71,"column":49}},"line":71},"5":{"name":"(anonymous_5)","decl":{"start":{"line":77,"column":21},"end":{"line":77,"column":22}},"loc":{"start":{"line":77,"column":27},"end":{"line":77,"column":49}},"line":77},"6":{"name":"(anonymous_6)","decl":{"start":{"line":83,"column":21},"end":{"line":83,"column":22}},"loc":{"start":{"line":83,"column":27},"end":{"line":83,"column":49}},"line":83},"7":{"name":"(anonymous_7)","decl":{"start":{"line":89,"column":21},"end":{"line":89,"column":22}},"loc":{"start":{"line":89,"column":27},"end":{"line":89,"column":49}},"line":89},"8":{"name":"(anonymous_8)","decl":{"start":{"line":99,"column":21},"end":{"line":99,"column":22}},"loc":{"start":{"line":99,"column":27},"end":{"line":99,"column":49}},"line":99},"9":{"name":"(anonymous_9)","decl":{"start":{"line":105,"column":21},"end":{"line":105,"column":22}},"loc":{"start":{"line":105,"column":27},"end":{"line":105,"column":49}},"line":105},"10":{"name":"(anonymous_10)","decl":{"start":{"line":111,"column":21},"end":{"line":111,"column":22}},"loc":{"start":{"line":111,"column":27},"end":{"line":111,"column":49}},"line":111},"11":{"name":"(anonymous_11)","decl":{"start":{"line":117,"column":21},"end":{"line":117,"column":22}},"loc":{"start":{"line":117,"column":27},"end":{"line":117,"column":49}},"line":117},"12":{"name":"(anonymous_12)","decl":{"start":{"line":124,"column":21},"end":{"line":124,"column":22}},"loc":{"start":{"line":124,"column":27},"end":{"line":124,"column":49}},"line":124},"13":{"name":"(anonymous_13)","decl":{"start":{"line":134,"column":21},"end":{"line":134,"column":22}},"loc":{"start":{"line":134,"column":27},"end":{"line":134,"column":49}},"line":134},"14":{"name":"(anonymous_14)","decl":{"start":{"line":140,"column":21},"end":{"line":140,"column":22}},"loc":{"start":{"line":140,"column":27},"end":{"line":140,"column":49}},"line":140},"15":{"name":"(anonymous_15)","decl":{"start":{"line":147,"column":21},"end":{"line":147,"column":22}},"loc":{"start":{"line":147,"column":27},"end":{"line":147,"column":49}},"line":147},"16":{"name":"(anonymous_16)","decl":{"start":{"line":154,"column":21},"end":{"line":154,"column":22}},"loc":{"start":{"line":154,"column":27},"end":{"line":154,"column":49}},"line":154},"17":{"name":"(anonymous_17)","decl":{"start":{"line":161,"column":21},"end":{"line":161,"column":22}},"loc":{"start":{"line":161,"column":27},"end":{"line":161,"column":49}},"line":161},"18":{"name":"(anonymous_18)","decl":{"start":{"line":170,"column":21},"end":{"line":170,"column":22}},"loc":{"start":{"line":170,"column":27},"end":{"line":170,"column":49}},"line":170},"19":{"name":"(anonymous_19)","decl":{"start":{"line":176,"column":21},"end":{"line":176,"column":22}},"loc":{"start":{"line":176,"column":27},"end":{"line":176,"column":49}},"line":176},"20":{"name":"(anonymous_20)","decl":{"start":{"line":182,"column":21},"end":{"line":182,"column":22}},"loc":{"start":{"line":182,"column":27},"end":{"line":182,"column":49}},"line":182},"21":{"name":"(anonymous_21)","decl":{"start":{"line":188,"column":21},"end":{"line":188,"column":22}},"loc":{"start":{"line":188,"column":27},"end":{"line":188,"column":49}},"line":188},"22":{"name":"(anonymous_22)","decl":{"start":{"line":195,"column":21},"end":{"line":195,"column":22}},"loc":{"start":{"line":195,"column":27},"end":{"line":195,"column":49}},"line":195},"23":{"name":"(anonymous_23)","decl":{"start":{"line":202,"column":17},"end":{"line":202,"column":18}},"loc":{"start":{"line":202,"column":23},"end":{"line":202,"column":45}},"line":202},"24":{"name":"(anonymous_24)","decl":{"start":{"line":212,"column":24},"end":{"line":212,"column":25}},"loc":{"start":{"line":212,"column":34},"end":{"line":215,"column":1}},"line":212}},"branchMap":{},"s":{"0":2,"1":0,"2":0,"3":0,"4":0,"5":0,"6":0,"7":0,"8":0,"9":0,"10":0,"11":0,"12":0,"13":0,"14":0,"15":0,"16":0,"17":0,"18":0,"19":0,"20":0,"21":0,"22":0,"23":0,"24":0,"25":2,"26":2,"27":0,"28":2,"29":2,"30":2},"f":{"0":0,"1":0,"2":0,"3":0,"4":0,"5":0,"6":0,"7":0,"8":0,"9":0,"10":0,"11":0,"12":0,"13":0,"14":0,"15":0,"16":0,"17":0,"18":0,"19":0,"20":0,"21":0,"22":0,"23":0,"24":0},"b":{},"_coverageSchema":"43e27e138ebf9cfc5966b082cf9a028302ed4184","hash":"462b12d8b5a7d773cf9ad24c6e76d210cff95fb1"}
,"/home/fe/Projects/food-diary/screens/SettingsScreen.js": {"path":"/home/fe/Projects/food-diary/screens/SettingsScreen.js","statementMap":{"0":{"start":{"line":9,"column":2},"end":{"line":9,"column":28}},"1":{"start":{"line":12,"column":0},"end":{"line":14,"column":2}}},"fnMap":{"0":{"name":"SettingsScreen","decl":{"start":{"line":4,"column":24},"end":{"line":4,"column":38}},"loc":{"start":{"line":4,"column":41},"end":{"line":10,"column":1}},"line":4}},"branchMap":{},"s":{"0":1,"1":2},"f":{"0":1},"b":{},"_coverageSchema":"43e27e138ebf9cfc5966b082cf9a028302ed4184","hash":"2bf89982978fc9a3a460c9da5c437e7328b81a9a"}
,"/home/fe/Projects/food-diary/screens/StatsScreen.js": {"path":"/home/fe/Projects/food-diary/screens/StatsScreen.js","statementMap":{"0":{"start":{"line":9,"column":2},"end":{"line":9,"column":28}},"1":{"start":{"line":12,"column":0},"end":{"line":14,"column":2}}},"fnMap":{"0":{"name":"StatsScreen","decl":{"start":{"line":4,"column":24},"end":{"line":4,"column":35}},"loc":{"start":{"line":4,"column":38},"end":{"line":10,"column":1}},"line":4}},"branchMap":{},"s":{"0":1,"1":2},"f":{"0":1},"b":{},"_coverageSchema":"43e27e138ebf9cfc5966b082cf9a028302ed4184","hash":"b0d16abf8cd6085f8d3522c022a00717dc1f14b5"}
,"/home/fe/Projects/food-diary/store/index.js": {"path":"/home/fe/Projects/food-diary/store/index.js","statementMap":{"0":{"start":{"line":8,"column":15},"end":{"line":12,"column":1}},"1":{"start":{"line":14,"column":16},"end":{"line":14,"column":56}},"2":{"start":{"line":16,"column":19},"end":{"line":16,"column":34}},"3":{"start":{"line":18,"column":23},"end":{"line":31,"column":1}},"4":{"start":{"line":19,"column":16},"end":{"line":24,"column":3}},"5":{"start":{"line":26,"column":20},"end":{"line":28,"column":4}},"6":{"start":{"line":27,"column":4},"end":{"line":27,"column":20}},"7":{"start":{"line":30,"column":2},"end":{"line":30,"column":27}}},"fnMap":{"0":{"name":"(anonymous_0)","decl":{"start":{"line":18,"column":23},"end":{"line":18,"column":24}},"loc":{"start":{"line":18,"column":29},"end":{"line":31,"column":1}},"line":18},"1":{"name":"(anonymous_1)","decl":{"start":{"line":26,"column":46},"end":{"line":26,"column":47}},"loc":{"start":{"line":26,"column":52},"end":{"line":28,"column":3}},"line":26}},"branchMap":{"0":{"loc":{"start":{"line":21,"column":4},"end":{"line":22,"column":43}},"type":"binary-expr","locations":[{"start":{"line":21,"column":4},"end":{"line":21,"column":39}},{"start":{"line":22,"column":6},"end":{"line":22,"column":43}}],"line":21}},"s":{"0":0,"1":0,"2":0,"3":0,"4":0,"5":0,"6":0,"7":0},"f":{"0":0,"1":0},"b":{"0":[0,0]},"hash":"ea3bbfea413f2512786df49351358238dc9eca6d"}
,"/home/fe/Projects/food-diary/store/reducers.js": {"path":"/home/fe/Projects/food-diary/store/reducers.js","statementMap":{"0":{"start":{"line":4,"column":19},"end":{"line":11,"column":1}},"1":{"start":{"line":5,"column":2},"end":{"line":10,"column":3}},"2":{"start":{"line":7,"column":6},"end":{"line":7,"column":17}},"3":{"start":{"line":9,"column":6},"end":{"line":9,"column":18}}},"fnMap":{"0":{"name":"(anonymous_0)","decl":{"start":{"line":4,"column":19},"end":{"line":4,"column":20}},"loc":{"start":{"line":4,"column":46},"end":{"line":11,"column":1}},"line":4}},"branchMap":{"0":{"loc":{"start":{"line":4,"column":20},"end":{"line":4,"column":33}},"type":"default-arg","locations":[{"start":{"line":4,"column":28},"end":{"line":4,"column":33}}],"line":4},"1":{"loc":{"start":{"line":5,"column":2},"end":{"line":10,"column":3}},"type":"switch","locations":[{"start":{"line":6,"column":4},"end":{"line":7,"column":17}},{"start":{"line":8,"column":4},"end":{"line":9,"column":18}}],"line":5}},"s":{"0":0,"1":0,"2":0,"3":0},"f":{"0":0},"b":{"0":[0],"1":[0,0]},"hash":"7bbdbe2238493727ca7ef3112b46e0a8a8ab4325"}
,"/home/fe/Projects/food-diary/store/auth/actions.js": {"path":"/home/fe/Projects/food-diary/store/auth/actions.js","statementMap":{"0":{"start":{"line":2,"column":2},"end":{"line":16,"column":6}},"1":{"start":{"line":3,"column":4},"end":{"line":16,"column":6}},"2":{"start":{"line":5,"column":23},"end":{"line":7,"column":7}},"3":{"start":{"line":8,"column":6},"end":{"line":13,"column":7}},"4":{"start":{"line":15,"column":6},"end":{"line":15,"column":23}},"5":{"start":{"line":20,"column":2},"end":{"line":30,"column":6}},"6":{"start":{"line":21,"column":4},"end":{"line":30,"column":6}},"7":{"start":{"line":22,"column":6},"end":{"line":27,"column":7}},"8":{"start":{"line":29,"column":6},"end":{"line":29,"column":23}}},"fnMap":{"0":{"name":"FakeLogin","decl":{"start":{"line":1,"column":16},"end":{"line":1,"column":25}},"loc":{"start":{"line":1,"column":28},"end":{"line":17,"column":1}},"line":1},"1":{"name":"(anonymous_1)","decl":{"start":{"line":2,"column":9},"end":{"line":2,"column":10}},"loc":{"start":{"line":3,"column":4},"end":{"line":16,"column":6}},"line":3},"2":{"name":"(anonymous_2)","decl":{"start":{"line":3,"column":16},"end":{"line":3,"column":17}},"loc":{"start":{"line":3,"column":43},"end":{"line":14,"column":5}},"line":3},"3":{"name":"(anonymous_3)","decl":{"start":{"line":14,"column":13},"end":{"line":14,"column":14}},"loc":{"start":{"line":14,"column":26},"end":{"line":16,"column":5}},"line":14},"4":{"name":"fakeLogout","decl":{"start":{"line":19,"column":16},"end":{"line":19,"column":26}},"loc":{"start":{"line":19,"column":29},"end":{"line":31,"column":1}},"line":19},"5":{"name":"(anonymous_5)","decl":{"start":{"line":20,"column":9},"end":{"line":20,"column":10}},"loc":{"start":{"line":21,"column":4},"end":{"line":30,"column":6}},"line":21},"6":{"name":"(anonymous_6)","decl":{"start":{"line":21,"column":16},"end":{"line":21,"column":17}},"loc":{"start":{"line":21,"column":43},"end":{"line":28,"column":5}},"line":21},"7":{"name":"(anonymous_7)","decl":{"start":{"line":28,"column":13},"end":{"line":28,"column":14}},"loc":{"start":{"line":28,"column":26},"end":{"line":30,"column":5}},"line":28}},"branchMap":{},"s":{"0":0,"1":0,"2":0,"3":0,"4":0,"5":0,"6":0,"7":0,"8":0},"f":{"0":0,"1":0,"2":0,"3":0,"4":0,"5":0,"6":0,"7":0},"b":{},"_coverageSchema":"43e27e138ebf9cfc5966b082cf9a028302ed4184","hash":"d339a90c700d51dc8a866870ba25c0a51cace4d3"}
,"/home/fe/Projects/food-diary/store/auth/reducers.js": {"path":"/home/fe/Projects/food-diary/store/auth/reducers.js","statementMap":{"0":{"start":{"line":1,"column":28},"end":{"line":4,"column":1}},"1":{"start":{"line":7,"column":2},"end":{"line":33,"column":3}},"2":{"start":{"line":9,"column":6},"end":{"line":15,"column":7}},"3":{"start":{"line":10,"column":8},"end":{"line":14,"column":9}},"4":{"start":{"line":17,"column":6},"end":{"line":17,"column":18}},"5":{"start":{"line":20,"column":6},"end":{"line":26,"column":7}},"6":{"start":{"line":21,"column":8},"end":{"line":25,"column":9}},"7":{"start":{"line":28,"column":6},"end":{"line":28,"column":18}},"8":{"start":{"line":32,"column":6},"end":{"line":32,"column":18}}},"fnMap":{"0":{"name":"auth","decl":{"start":{"line":6,"column":24},"end":{"line":6,"column":28}},"loc":{"start":{"line":6,"column":59},"end":{"line":34,"column":1}},"line":6}},"branchMap":{"0":{"loc":{"start":{"line":6,"column":29},"end":{"line":6,"column":49}},"type":"default-arg","locations":[{"start":{"line":6,"column":37},"end":{"line":6,"column":49}}],"line":6},"1":{"loc":{"start":{"line":7,"column":2},"end":{"line":33,"column":3}},"type":"switch","locations":[{"start":{"line":8,"column":4},"end":{"line":18,"column":5}},{"start":{"line":19,"column":4},"end":{"line":29,"column":5}},{"start":{"line":31,"column":4},"end":{"line":32,"column":18}}],"line":7},"2":{"loc":{"start":{"line":9,"column":6},"end":{"line":15,"column":7}},"type":"if","locations":[{"start":{"line":9,"column":6},"end":{"line":15,"column":7}},{"start":{"line":9,"column":6},"end":{"line":15,"column":7}}],"line":9},"3":{"loc":{"start":{"line":20,"column":6},"end":{"line":26,"column":7}},"type":"if","locations":[{"start":{"line":20,"column":6},"end":{"line":26,"column":7}},{"start":{"line":20,"column":6},"end":{"line":26,"column":7}}],"line":20}},"s":{"0":0,"1":0,"2":0,"3":0,"4":0,"5":0,"6":0,"7":0,"8":0},"f":{"0":0},"b":{"0":[0],"1":[0,0,0],"2":[0,0],"3":[0,0]},"hash":"35780978134e1c8b61fceafe6669192a4e8cc766"}
,"/home/fe/Projects/food-diary/store/calender/actions.js": {"path":"/home/fe/Projects/food-diary/store/calender/actions.js","statementMap":{"0":{"start":{"line":2,"column":2},"end":{"line":15,"column":6}},"1":{"start":{"line":3,"column":4},"end":{"line":15,"column":6}},"2":{"start":{"line":4,"column":22},"end":{"line":6,"column":7}},"3":{"start":{"line":7,"column":6},"end":{"line":12,"column":7}},"4":{"start":{"line":14,"column":6},"end":{"line":14,"column":23}},"5":{"start":{"line":19,"column":2},"end":{"line":31,"column":6}},"6":{"start":{"line":20,"column":4},"end":{"line":31,"column":6}},"7":{"start":{"line":21,"column":22},"end":{"line":23,"column":7}},"8":{"start":{"line":25,"column":6},"end":{"line":30,"column":7}}},"fnMap":{"0":{"name":"AddItem","decl":{"start":{"line":1,"column":16},"end":{"line":1,"column":23}},"loc":{"start":{"line":1,"column":30},"end":{"line":16,"column":1}},"line":1},"1":{"name":"(anonymous_1)","decl":{"start":{"line":2,"column":9},"end":{"line":2,"column":10}},"loc":{"start":{"line":3,"column":4},"end":{"line":15,"column":6}},"line":3},"2":{"name":"(anonymous_2)","decl":{"start":{"line":3,"column":16},"end":{"line":3,"column":17}},"loc":{"start":{"line":3,"column":43},"end":{"line":13,"column":5}},"line":3},"3":{"name":"(anonymous_3)","decl":{"start":{"line":13,"column":13},"end":{"line":13,"column":14}},"loc":{"start":{"line":13,"column":26},"end":{"line":15,"column":5}},"line":13},"4":{"name":"setSelectedDate","decl":{"start":{"line":18,"column":16},"end":{"line":18,"column":31}},"loc":{"start":{"line":18,"column":38},"end":{"line":32,"column":1}},"line":18},"5":{"name":"(anonymous_5)","decl":{"start":{"line":19,"column":9},"end":{"line":19,"column":10}},"loc":{"start":{"line":20,"column":4},"end":{"line":31,"column":6}},"line":20},"6":{"name":"(anonymous_6)","decl":{"start":{"line":20,"column":16},"end":{"line":20,"column":17}},"loc":{"start":{"line":20,"column":43},"end":{"line":31,"column":5}},"line":20}},"branchMap":{},"s":{"0":0,"1":0,"2":0,"3":0,"4":0,"5":0,"6":0,"7":0,"8":0},"f":{"0":0,"1":0,"2":0,"3":0,"4":0,"5":0,"6":0},"b":{},"_coverageSchema":"43e27e138ebf9cfc5966b082cf9a028302ed4184","hash":"951d59ebe5bf6b838f4d2b131ff80d4862f3e1ba"}
,"/home/fe/Projects/food-diary/store/calender/reducers.js": {"path":"/home/fe/Projects/food-diary/store/calender/reducers.js","statementMap":{"0":{"start":{"line":1,"column":28},"end":{"line":4,"column":1}},"1":{"start":{"line":7,"column":2},"end":{"line":33,"column":3}},"2":{"start":{"line":9,"column":6},"end":{"line":18,"column":7}},"3":{"start":{"line":10,"column":23},"end":{"line":10,"column":34}},"4":{"start":{"line":11,"column":8},"end":{"line":17,"column":9}},"5":{"start":{"line":19,"column":6},"end":{"line":19,"column":18}},"6":{"start":{"line":22,"column":6},"end":{"line":28,"column":7}},"7":{"start":{"line":23,"column":23},"end":{"line":23,"column":34}},"8":{"start":{"line":24,"column":8},"end":{"line":27,"column":9}},"9":{"start":{"line":32,"column":6},"end":{"line":32,"column":18}}},"fnMap":{"0":{"name":"calender","decl":{"start":{"line":6,"column":24},"end":{"line":6,"column":32}},"loc":{"start":{"line":6,"column":63},"end":{"line":34,"column":1}},"line":6}},"branchMap":{"0":{"loc":{"start":{"line":6,"column":33},"end":{"line":6,"column":53}},"type":"default-arg","locations":[{"start":{"line":6,"column":41},"end":{"line":6,"column":53}}],"line":6},"1":{"loc":{"start":{"line":7,"column":2},"end":{"line":33,"column":3}},"type":"switch","locations":[{"start":{"line":8,"column":4},"end":{"line":20,"column":5}},{"start":{"line":21,"column":4},"end":{"line":29,"column":5}},{"start":{"line":31,"column":4},"end":{"line":32,"column":18}}],"line":7},"2":{"loc":{"start":{"line":9,"column":6},"end":{"line":18,"column":7}},"type":"if","locations":[{"start":{"line":9,"column":6},"end":{"line":18,"column":7}},{"start":{"line":9,"column":6},"end":{"line":18,"column":7}}],"line":9},"3":{"loc":{"start":{"line":22,"column":6},"end":{"line":28,"column":7}},"type":"if","locations":[{"start":{"line":22,"column":6},"end":{"line":28,"column":7}},{"start":{"line":22,"column":6},"end":{"line":28,"column":7}}],"line":22}},"s":{"0":0,"1":0,"2":0,"3":0,"4":0,"5":0,"6":0,"7":0,"8":0,"9":0},"f":{"0":0},"b":{"0":[0],"1":[0,0,0],"2":[0,0],"3":[0,0]},"hash":"65b34a439ef5319f6f177f7e8ec6f5dc7b8b6dda"}
}
