{"/home/fe/Projects/food-diary/App.js": {"path":"/home/fe/Projects/food-diary/App.js","statementMap":{"0":{"start":{"line":12,"column":50},"end":{"line":12,"column":65}},"1":{"start":{"line":13,"column":44},"end":{"line":13,"column":59}},"2":{"start":{"line":15,"column":2},"end":{"line":34,"column":3}},"3":{"start":{"line":16,"column":4},"end":{"line":22,"column":5}},"4":{"start":{"line":20,"column":24},"end":{"line":20,"column":63}},"5":{"start":{"line":24,"column":4},"end":{"line":33,"column":5}},"6":{"start":{"line":38,"column":2},"end":{"line":50,"column":4}},"7":{"start":{"line":56,"column":2},"end":{"line":56,"column":21}},"8":{"start":{"line":60,"column":2},"end":{"line":60,"column":26}},"9":{"start":{"line":63,"column":15},"end":{"line":68,"column":2}}},"fnMap":{"0":{"name":"App","decl":{"start":{"line":11,"column":24},"end":{"line":11,"column":27}},"loc":{"start":{"line":11,"column":35},"end":{"line":35,"column":1}},"line":11},"1":{"name":"(anonymous_1)","decl":{"start":{"line":20,"column":18},"end":{"line":20,"column":19}},"loc":{"start":{"line":20,"column":24},"end":{"line":20,"column":63}},"line":20},"2":{"name":"loadResourcesAsync","decl":{"start":{"line":37,"column":15},"end":{"line":37,"column":33}},"loc":{"start":{"line":37,"column":36},"end":{"line":51,"column":1}},"line":37},"3":{"name":"handleLoadingError","decl":{"start":{"line":53,"column":9},"end":{"line":53,"column":27}},"loc":{"start":{"line":53,"column":35},"end":{"line":57,"column":1}},"line":53},"4":{"name":"handleFinishLoading","decl":{"start":{"line":59,"column":9},"end":{"line":59,"column":28}},"loc":{"start":{"line":59,"column":49},"end":{"line":61,"column":1}},"line":59}},"branchMap":{"0":{"loc":{"start":{"line":15,"column":2},"end":{"line":34,"column":3}},"type":"if","locations":[{"start":{"line":15,"column":2},"end":{"line":34,"column":3}},{"start":{"line":15,"column":2},"end":{"line":34,"column":3}}],"line":15},"1":{"loc":{"start":{"line":15,"column":6},"end":{"line":15,"column":52}},"type":"binary-expr","locations":[{"start":{"line":15,"column":6},"end":{"line":15,"column":24}},{"start":{"line":15,"column":28},"end":{"line":15,"column":52}}],"line":15},"2":{"loc":{"start":{"line":26,"column":9},"end":{"line":26,"column":66}},"type":"binary-expr","locations":[{"start":{"line":26,"column":9},"end":{"line":26,"column":30}},{"start":{"line":26,"column":34},"end":{"line":26,"column":66}}],"line":26},"3":{"loc":{"start":{"line":27,"column":9},"end":{"line":31,"column":9}},"type":"cond-expr","locations":[{"start":{"line":28,"column":10},"end":{"line":28,"column":26}},{"start":{"line":30,"column":10},"end":{"line":30,"column":56}}],"line":27}},"s":{"0":2,"1":2,"2":2,"3":1,"4":0,"5":1,"6":0,"7":0,"8":0,"9":1},"f":{"0":2,"1":0,"2":0,"3":0,"4":0},"b":{"0":[1,1],"1":[2,2],"2":[1,1],"3":[0,1]},"_coverageSchema":"43e27e138ebf9cfc5966b082cf9a028302ed4184","hash":"dc4adebf9684ac5a08c434c08611fd504a617e34"}
,"/home/fe/Projects/food-diary/components/AuthPage.js": {"path":"/home/fe/Projects/food-diary/components/AuthPage.js","statementMap":{"0":{"start":{"line":13,"column":50},"end":{"line":13,"column":65}},"1":{"start":{"line":16,"column":4},"end":{"line":16,"column":28}},"2":{"start":{"line":17,"column":4},"end":{"line":19,"column":12}},"3":{"start":{"line":18,"column":6},"end":{"line":18,"column":33}},"4":{"start":{"line":22,"column":2},"end":{"line":65,"column":3}},"5":{"start":{"line":68,"column":0},"end":{"line":70,"column":1}},"6":{"start":{"line":72,"column":15},"end":{"line":111,"column":2}}},"fnMap":{"0":{"name":"AuthPage","decl":{"start":{"line":12,"column":24},"end":{"line":12,"column":32}},"loc":{"start":{"line":12,"column":40},"end":{"line":66,"column":1}},"line":12},"1":{"name":"handleSocialPress","decl":{"start":{"line":14,"column":11},"end":{"line":14,"column":28}},"loc":{"start":{"line":14,"column":31},"end":{"line":20,"column":3}},"line":14},"2":{"name":"(anonymous_2)","decl":{"start":{"line":17,"column":15},"end":{"line":17,"column":16}},"loc":{"start":{"line":17,"column":21},"end":{"line":19,"column":5}},"line":17}},"branchMap":{"0":{"loc":{"start":{"line":32,"column":7},"end":{"line":57,"column":7}},"type":"cond-expr","locations":[{"start":{"line":33,"column":8},"end":{"line":35,"column":15}},{"start":{"line":37,"column":8},"end":{"line":56,"column":15}}],"line":32}},"s":{"0":6,"1":2,"2":2,"3":2,"4":6,"5":2,"6":2},"f":{"0":6,"1":2,"2":2},"b":{"0":[2,4]},"_coverageSchema":"43e27e138ebf9cfc5966b082cf9a028302ed4184","hash":"5f1098702a4524ca7e1e0f5425fa83dd519826a8"}
,"/home/fe/Projects/food-diary/components/StyledText.js": {"path":"/home/fe/Projects/food-diary/components/StyledText.js","statementMap":{"0":{"start":{"line":5,"column":2},"end":{"line":7,"column":4}}},"fnMap":{"0":{"name":"MonoText","decl":{"start":{"line":4,"column":16},"end":{"line":4,"column":24}},"loc":{"start":{"line":4,"column":32},"end":{"line":8,"column":1}},"line":4}},"branchMap":{},"s":{"0":1},"f":{"0":1},"b":{},"_coverageSchema":"43e27e138ebf9cfc5966b082cf9a028302ed4184","hash":"57d9d891818006459f2f6e19e4a34bc63cb6b8fd"}
,"/home/fe/Projects/food-diary/components/TabBarIcon.js": {"path":"/home/fe/Projects/food-diary/components/TabBarIcon.js","statementMap":{"0":{"start":{"line":7,"column":2},"end":{"line":14,"column":4}}},"fnMap":{"0":{"name":"TabBarIcon","decl":{"start":{"line":6,"column":24},"end":{"line":6,"column":34}},"loc":{"start":{"line":6,"column":42},"end":{"line":15,"column":1}},"line":6}},"branchMap":{"0":{"loc":{"start":{"line":12,"column":13},"end":{"line":12,"column":75}},"type":"cond-expr","locations":[{"start":{"line":12,"column":29},"end":{"line":12,"column":51}},{"start":{"line":12,"column":54},"end":{"line":12,"column":75}}],"line":12}},"s":{"0":0},"f":{"0":0},"b":{"0":[0,0]},"hash":"ad3c9bc04d208275215341e63b8f97c1d8e17480"}
,"/home/fe/Projects/food-diary/constants/Colors.js": {"path":"/home/fe/Projects/food-diary/constants/Colors.js","statementMap":{"0":{"start":{"line":1,"column":18},"end":{"line":1,"column":27}}},"fnMap":{},"branchMap":{},"s":{"0":0},"f":{},"b":{},"hash":"00a8e239792e2211a880046d34e0e6f472735f80"}
,"/home/fe/Projects/food-diary/constants/Layout.js": {"path":"/home/fe/Projects/food-diary/constants/Layout.js","statementMap":{"0":{"start":{"line":3,"column":14},"end":{"line":3,"column":44}},"1":{"start":{"line":4,"column":15},"end":{"line":4,"column":46}}},"fnMap":{},"branchMap":{},"s":{"0":0,"1":0},"f":{},"b":{},"hash":"cd71bf7fd81d263c5bf920af0dbb7789600c845b"}
,"/home/fe/Projects/food-diary/navigation/AppNavigator.js": {"path":"/home/fe/Projects/food-diary/navigation/AppNavigator.js","statementMap":{},"fnMap":{},"branchMap":{},"s":{},"f":{},"b":{},"hash":"434b31b882ac785eac259161063c9835f086b103"}
,"/home/fe/Projects/food-diary/navigation/AppNavigator.web.js": {"path":"/home/fe/Projects/food-diary/navigation/AppNavigator.web.js","statementMap":{"0":{"start":{"line":6,"column":24},"end":{"line":10,"column":2}},"1":{"start":{"line":11,"column":0},"end":{"line":11,"column":26}}},"fnMap":{},"branchMap":{},"s":{"0":0,"1":0},"f":{},"b":{},"hash":"be430f1e29c94390d777253acedc2e38d5fd012c"}
,"/home/fe/Projects/food-diary/navigation/MainTabNavigator.js": {"path":"/home/fe/Projects/food-diary/navigation/MainTabNavigator.js","statementMap":{"0":{"start":{"line":11,"column":15},"end":{"line":14,"column":2}},"1":{"start":{"line":16,"column":18},"end":{"line":21,"column":1}},"2":{"start":{"line":23,"column":0},"end":{"line":35,"column":1}},"3":{"start":{"line":26,"column":4},"end":{"line":33,"column":6}},"4":{"start":{"line":37,"column":0},"end":{"line":37,"column":19}},"5":{"start":{"line":39,"column":19},"end":{"line":44,"column":1}},"6":{"start":{"line":46,"column":0},"end":{"line":54,"column":1}},"7":{"start":{"line":49,"column":4},"end":{"line":52,"column":6}},"8":{"start":{"line":56,"column":0},"end":{"line":56,"column":20}},"9":{"start":{"line":58,"column":22},"end":{"line":63,"column":1}},"10":{"start":{"line":65,"column":0},"end":{"line":73,"column":1}},"11":{"start":{"line":68,"column":4},"end":{"line":71,"column":6}},"12":{"start":{"line":75,"column":0},"end":{"line":75,"column":23}},"13":{"start":{"line":77,"column":21},"end":{"line":81,"column":2}},"14":{"start":{"line":83,"column":0},"end":{"line":83,"column":22}}},"fnMap":{"0":{"name":"(anonymous_0)","decl":{"start":{"line":25,"column":14},"end":{"line":25,"column":15}},"loc":{"start":{"line":26,"column":4},"end":{"line":33,"column":6}},"line":26},"1":{"name":"(anonymous_1)","decl":{"start":{"line":48,"column":14},"end":{"line":48,"column":15}},"loc":{"start":{"line":49,"column":4},"end":{"line":52,"column":6}},"line":49},"2":{"name":"(anonymous_2)","decl":{"start":{"line":67,"column":14},"end":{"line":67,"column":15}},"loc":{"start":{"line":68,"column":4},"end":{"line":71,"column":6}},"line":68}},"branchMap":{"0":{"loc":{"start":{"line":29,"column":8},"end":{"line":31,"column":35}},"type":"cond-expr","locations":[{"start":{"line":30,"column":12},"end":{"line":30,"column":64}},{"start":{"line":31,"column":12},"end":{"line":31,"column":35}}],"line":29},"1":{"loc":{"start":{"line":30,"column":37},"end":{"line":30,"column":62}},"type":"cond-expr","locations":[{"start":{"line":30,"column":47},"end":{"line":30,"column":49}},{"start":{"line":30,"column":52},"end":{"line":30,"column":62}}],"line":30},"2":{"loc":{"start":{"line":51,"column":12},"end":{"line":51,"column":58}},"type":"cond-expr","locations":[{"start":{"line":51,"column":36},"end":{"line":51,"column":46}},{"start":{"line":51,"column":49},"end":{"line":51,"column":58}}],"line":51},"3":{"loc":{"start":{"line":70,"column":12},"end":{"line":70,"column":64}},"type":"cond-expr","locations":[{"start":{"line":70,"column":36},"end":{"line":70,"column":49}},{"start":{"line":70,"column":52},"end":{"line":70,"column":64}}],"line":70}},"s":{"0":0,"1":0,"2":0,"3":0,"4":0,"5":0,"6":0,"7":0,"8":0,"9":0,"10":0,"11":0,"12":0,"13":0,"14":0},"f":{"0":0,"1":0,"2":0},"b":{"0":[0,0],"1":[0,0],"2":[0,0],"3":[0,0]},"hash":"5b4ca9625e230d2dc7f4cf5804b47cc305e5d38f"}
,"/home/fe/Projects/food-diary/screens/AuthScreen.js": {"path":"/home/fe/Projects/food-diary/screens/AuthScreen.js","statementMap":{"0":{"start":{"line":7,"column":4},"end":{"line":42,"column":5}},"1":{"start":{"line":48,"column":0},"end":{"line":50,"column":1}},"2":{"start":{"line":52,"column":15},"end":{"line":89,"column":2}},"3":{"start":{"line":91,"column":0},"end":{"line":91,"column":25}}},"fnMap":{"0":{"name":"(anonymous_0)","decl":{"start":{"line":6,"column":2},"end":{"line":6,"column":3}},"loc":{"start":{"line":6,"column":11},"end":{"line":43,"column":3}},"line":6},"1":{"name":"handleSocialPress","decl":{"start":{"line":46,"column":9},"end":{"line":46,"column":26}},"loc":{"start":{"line":46,"column":29},"end":{"line":46,"column":31}},"line":46}},"branchMap":{},"s":{"0":0,"1":0,"2":0,"3":0},"f":{"0":0,"1":0},"b":{},"hash":"a198bc7717c880988d0bb41cf68f71ede4c9ffcb"}
,"/home/fe/Projects/food-diary/screens/AuthScreen2.js": {"path":"/home/fe/Projects/food-diary/screens/AuthScreen2.js","statementMap":{"0":{"start":{"line":6,"column":2},"end":{"line":41,"column":3}},"1":{"start":{"line":25,"column":25},"end":{"line":25,"column":47}},"2":{"start":{"line":34,"column":25},"end":{"line":34,"column":47}},"3":{"start":{"line":44,"column":0},"end":{"line":46,"column":1}},"4":{"start":{"line":48,"column":15},"end":{"line":77,"column":2}}},"fnMap":{"0":{"name":"AuthScreen","decl":{"start":{"line":5,"column":24},"end":{"line":5,"column":34}},"loc":{"start":{"line":5,"column":37},"end":{"line":42,"column":1}},"line":5},"1":{"name":"(anonymous_1)","decl":{"start":{"line":25,"column":19},"end":{"line":25,"column":20}},"loc":{"start":{"line":25,"column":25},"end":{"line":25,"column":47}},"line":25},"2":{"name":"(anonymous_2)","decl":{"start":{"line":34,"column":19},"end":{"line":34,"column":20}},"loc":{"start":{"line":34,"column":25},"end":{"line":34,"column":47}},"line":34}},"branchMap":{},"s":{"0":0,"1":0,"2":0,"3":0,"4":0},"f":{"0":0,"1":0,"2":0},"b":{},"hash":"2db7fda2a3fe07f83d701fc174a095c0066b9888"}
,"/home/fe/Projects/food-diary/screens/CalenderScreen.js": {"path":"/home/fe/Projects/food-diary/screens/CalenderScreen.js","statementMap":{},"fnMap":{},"branchMap":{},"s":{},"f":{},"b":{},"hash":"af253fa89bdfbba8717104bbf1dbec10ae145a12"}
,"/home/fe/Projects/food-diary/screens/HomeScreen.js": {"path":"/home/fe/Projects/food-diary/screens/HomeScreen.js","statementMap":{"0":{"start":{"line":16,"column":2},"end":{"line":69,"column":4}},"1":{"start":{"line":72,"column":0},"end":{"line":74,"column":2}},"2":{"start":{"line":77,"column":2},"end":{"line":96,"column":3}},"3":{"start":{"line":79,"column":6},"end":{"line":81,"column":13}},"4":{"start":{"line":84,"column":4},"end":{"line":89,"column":6}},"5":{"start":{"line":91,"column":4},"end":{"line":95,"column":6}},"6":{"start":{"line":100,"column":2},"end":{"line":102,"column":4}},"7":{"start":{"line":106,"column":2},"end":{"line":108,"column":4}},"8":{"start":{"line":111,"column":15},"end":{"line":198,"column":2}}},"fnMap":{"0":{"name":"HomeScreen","decl":{"start":{"line":15,"column":24},"end":{"line":15,"column":34}},"loc":{"start":{"line":15,"column":37},"end":{"line":70,"column":1}},"line":15},"1":{"name":"DevelopmentModeNotice","decl":{"start":{"line":76,"column":9},"end":{"line":76,"column":30}},"loc":{"start":{"line":76,"column":33},"end":{"line":97,"column":1}},"line":76},"2":{"name":"handleLearnMorePress","decl":{"start":{"line":99,"column":9},"end":{"line":99,"column":29}},"loc":{"start":{"line":99,"column":32},"end":{"line":103,"column":1}},"line":99},"3":{"name":"handleHelpPress","decl":{"start":{"line":105,"column":9},"end":{"line":105,"column":24}},"loc":{"start":{"line":105,"column":27},"end":{"line":109,"column":1}},"line":105}},"branchMap":{"0":{"loc":{"start":{"line":24,"column":14},"end":{"line":26,"column":60}},"type":"cond-expr","locations":[{"start":{"line":25,"column":18},"end":{"line":25,"column":59}},{"start":{"line":26,"column":18},"end":{"line":26,"column":60}}],"line":24},"1":{"loc":{"start":{"line":77,"column":2},"end":{"line":96,"column":3}},"type":"if","locations":[{"start":{"line":77,"column":2},"end":{"line":96,"column":3}},{"start":{"line":77,"column":2},"end":{"line":96,"column":3}}],"line":77}},"s":{"0":0,"1":0,"2":0,"3":0,"4":0,"5":0,"6":0,"7":0,"8":0},"f":{"0":0,"1":0,"2":0,"3":0},"b":{"0":[0,0],"1":[0,0]},"hash":"fdaf7b56ac8a3c778ed8e8714a4ce8825864f89a"}
,"/home/fe/Projects/food-diary/screens/LinksScreen.js": {"path":"/home/fe/Projects/food-diary/screens/LinksScreen.js","statementMap":{"0":{"start":{"line":6,"column":2},"end":{"line":14,"column":4}},"1":{"start":{"line":17,"column":0},"end":{"line":19,"column":2}},"2":{"start":{"line":21,"column":15},"end":{"line":27,"column":2}}},"fnMap":{"0":{"name":"LinksScreen","decl":{"start":{"line":5,"column":24},"end":{"line":5,"column":35}},"loc":{"start":{"line":5,"column":38},"end":{"line":15,"column":1}},"line":5}},"branchMap":{},"s":{"0":0,"1":0,"2":0},"f":{"0":0},"b":{},"hash":"4ca959055fd7b861528cdb5d6a4342d314a8bffc"}
,"/home/fe/Projects/food-diary/screens/SettingsScreen.js": {"path":"/home/fe/Projects/food-diary/screens/SettingsScreen.js","statementMap":{"0":{"start":{"line":9,"column":2},"end":{"line":9,"column":28}},"1":{"start":{"line":12,"column":0},"end":{"line":14,"column":2}}},"fnMap":{"0":{"name":"SettingsScreen","decl":{"start":{"line":4,"column":24},"end":{"line":4,"column":38}},"loc":{"start":{"line":4,"column":41},"end":{"line":10,"column":1}},"line":4}},"branchMap":{},"s":{"0":0,"1":0},"f":{"0":0},"b":{},"hash":"2bf89982978fc9a3a460c9da5c437e7328b81a9a"}
,"/home/fe/Projects/food-diary/screens/StatsScreen.js": {"path":"/home/fe/Projects/food-diary/screens/StatsScreen.js","statementMap":{},"fnMap":{},"branchMap":{},"s":{},"f":{},"b":{},"hash":"e1c845c60e62e29031d13aa15b25d8c882c2e178"}
,"/home/fe/Projects/food-diary/screens/accountScreen.js": {"path":"/home/fe/Projects/food-diary/screens/accountScreen.js","statementMap":{},"fnMap":{},"branchMap":{},"s":{},"f":{},"b":{},"hash":"d687e77bb37a59c520b4597ae5a159d1c4354b4f"}
}
