TN:
SF:/home/fe/Projects/food-diary/App.js
FN:10,App
FN:18,(anonymous_1)
FN:31,loadResourcesAsync
FN:47,handleLoadingError
FN:53,handleFinishLoading
FNF:5
FNH:1
FNDA:2,App
FNDA:0,(anonymous_1)
FNDA:0,loadResourcesAsync
FNDA:0,handleLoadingError
FNDA:0,handleFinishLoading
DA:11,2
DA:13,2
DA:14,1
DA:18,0
DA:22,1
DA:32,0
DA:50,0
DA:54,0
DA:57,1
LF:9
LH:5
BRDA:13,0,0,1
BRDA:13,0,1,1
BRDA:13,1,0,2
BRDA:13,1,1,2
BRDA:24,2,0,1
BRDA:24,2,1,1
BRF:6
BRH:6
end_of_record
TN:
SF:/home/fe/Projects/food-diary/components/StyledText.js
FN:4,MonoText
FNF:1
FNH:1
FNDA:1,MonoText
DA:5,1
LF:1
LH:1
BRF:0
BRH:0
end_of_record
TN:
SF:/home/fe/Projects/food-diary/components/TabBarIcon.js
FN:6,TabBarIcon
FNF:1
FNH:0
FNDA:0,TabBarIcon
DA:7,0
LF:1
LH:0
BRDA:12,0,0,0
BRDA:12,0,1,0
BRF:2
BRH:0
end_of_record
TN:
SF:/home/fe/Projects/food-diary/constants/Colors.js
FNF:0
FNH:0
DA:1,0
LF:1
LH:0
BRF:0
BRH:0
end_of_record
TN:
SF:/home/fe/Projects/food-diary/constants/Layout.js
FNF:0
FNH:0
DA:3,0
DA:4,0
LF:2
LH:0
BRF:0
BRH:0
end_of_record
TN:
SF:/home/fe/Projects/food-diary/navigation/AppNavigator.js
FNF:0
FNH:0
LF:0
LH:0
BRF:0
BRH:0
end_of_record
TN:
SF:/home/fe/Projects/food-diary/navigation/AppNavigator.web.js
FNF:0
FNH:0
DA:6,0
DA:11,0
LF:2
LH:0
BRF:0
BRH:0
end_of_record
TN:
SF:/home/fe/Projects/food-diary/navigation/MainTabNavigator.js
FN:25,(anonymous_0)
FN:48,(anonymous_1)
FN:64,(anonymous_2)
FNF:3
FNH:0
FNDA:0,(anonymous_0)
FNDA:0,(anonymous_1)
FNDA:0,(anonymous_2)
DA:11,0
DA:16,0
DA:23,0
DA:26,0
DA:37,0
DA:39,0
DA:46,0
DA:49,0
DA:53,0
DA:55,0
DA:62,0
DA:65,0
DA:69,0
DA:71,0
DA:77,0
LF:15
LH:0
BRDA:29,0,0,0
BRDA:29,0,1,0
BRDA:30,1,0,0
BRDA:30,1,1,0
BRDA:49,2,0,0
BRDA:49,2,1,0
BRDA:65,3,0,0
BRDA:65,3,1,0
BRF:8
BRH:0
end_of_record
TN:
SF:/home/fe/Projects/food-diary/screens/HomeScreen.js
FN:15,HomeScreen
FN:76,DevelopmentModeNotice
FN:99,handleLearnMorePress
FN:105,handleHelpPress
FNF:4
FNH:0
FNDA:0,HomeScreen
FNDA:0,DevelopmentModeNotice
FNDA:0,handleLearnMorePress
FNDA:0,handleHelpPress
DA:16,0
DA:72,0
DA:77,0
DA:79,0
DA:84,0
DA:91,0
DA:100,0
DA:106,0
DA:111,0
LF:9
LH:0
BRDA:24,0,0,0
BRDA:24,0,1,0
BRDA:77,1,0,0
BRDA:77,1,1,0
BRF:4
BRH:0
end_of_record
TN:
SF:/home/fe/Projects/food-diary/screens/LinksScreen.js
FN:5,LinksScreen
FNF:1
FNH:0
FNDA:0,LinksScreen
DA:6,0
DA:17,0
DA:21,0
LF:3
LH:0
BRF:0
BRH:0
end_of_record
TN:
SF:/home/fe/Projects/food-diary/screens/SettingsScreen.js
FN:4,SettingsScreen
FNF:1
FNH:0
FNDA:0,SettingsScreen
DA:9,0
DA:12,0
LF:2
LH:0
BRF:0
BRH:0
end_of_record
