TN:
SF:/home/fe/Projects/food-diary/App.js
FN:17,App
FN:27,(anonymous_1)
FN:41,loadResourcesAsync
FN:53,handleLoadingError
FN:59,handleFinishLoading
FNF:5
FNH:0
FNDA:0,App
FNDA:0,(anonymous_1)
FNDA:0,loadResourcesAsync
FNDA:0,handleLoadingError
FNDA:0,handleFinishLoading
DA:15,0
DA:18,0
DA:19,0
DA:21,0
DA:22,0
DA:27,0
DA:31,0
DA:42,0
DA:56,0
DA:60,0
DA:63,0
LF:11
LH:0
BRDA:21,0,0,0
BRDA:21,0,1,0
BRDA:21,1,0,0
BRDA:21,1,1,0
BRF:4
BRH:0
end_of_record
TN:
SF:/home/fe/Projects/food-diary/components/AppContainer.js
FN:7,(anonymous_0)
FN:18,(anonymous_1)
FNF:2
FNH:0
FNDA:0,(anonymous_0)
FNDA:0,(anonymous_1)
DA:7,0
DA:8,0
DA:10,0
DA:18,0
DA:22,0
DA:26,0
LF:6
LH:0
BRDA:12,0,0,0
BRDA:12,0,1,0
BRDA:13,1,0,0
BRDA:13,1,1,0
BRF:4
BRH:0
end_of_record
TN:
SF:/home/fe/Projects/food-diary/components/StyledText.js
FN:4,MonoText
FNF:1
FNH:1
FNDA:1,MonoText
DA:5,1
LF:1
LH:1
BRF:0
BRH:0
end_of_record
TN:
SF:/home/fe/Projects/food-diary/components/TabBarIcon.js
FN:6,TabBarIcon
FNF:1
FNH:1
FNDA:2,TabBarIcon
DA:7,2
LF:1
LH:1
BRDA:12,0,0,1
BRDA:12,0,1,1
BRF:2
BRH:2
end_of_record
TN:
SF:/home/fe/Projects/food-diary/components/AuthPage/index.js
FN:16,(anonymous_0)
FN:18,handleSocialPress
FN:114,(anonymous_2)
FNF:3
FNH:0
FNDA:0,(anonymous_0)
FNDA:0,handleSocialPress
FNDA:0,(anonymous_2)
DA:16,1
DA:17,0
DA:19,0
DA:20,0
DA:23,0
DA:69,1
DA:73,1
DA:114,1
DA:119,1
DA:123,1
LF:10
LH:6
BRDA:33,0,0,0
BRDA:33,0,1,0
BRF:2
BRH:0
end_of_record
TN:
SF:/home/fe/Projects/food-diary/constants/Colors.js
FNF:0
FNH:0
DA:1,3
DA:3,3
DA:11,3
LF:3
LH:3
BRF:0
BRH:0
end_of_record
TN:
SF:/home/fe/Projects/food-diary/constants/Layout.js
FNF:0
FNH:0
DA:3,0
DA:4,0
LF:2
LH:0
BRF:0
BRH:0
end_of_record
TN:
SF:/home/fe/Projects/food-diary/navigation/AppNavigator.js
FNF:0
FNH:0
LF:0
LH:0
BRF:0
BRH:0
end_of_record
TN:
SF:/home/fe/Projects/food-diary/navigation/AppNavigator.web.js
FNF:0
FNH:0
DA:6,0
DA:11,0
LF:2
LH:0
BRF:0
BRH:0
end_of_record
TN:
SF:/home/fe/Projects/food-diary/navigation/MainTabNavigator.js
FN:27,(anonymous_0)
FN:53,(anonymous_1)
FN:75,(anonymous_2)
FNF:3
FNH:0
FNDA:0,(anonymous_0)
FNDA:0,(anonymous_1)
FNDA:0,(anonymous_2)
DA:13,1
DA:18,1
DA:25,1
DA:28,0
DA:42,1
DA:44,1
DA:51,1
DA:54,0
DA:64,1
DA:66,1
DA:73,1
DA:76,0
DA:86,1
DA:88,1
DA:94,1
LF:15
LH:12
BRDA:31,0,0,0
BRDA:31,0,1,0
BRDA:32,1,0,0
BRDA:32,1,1,0
BRDA:56,2,0,0
BRDA:56,2,1,0
BRDA:78,3,0,0
BRDA:78,3,1,0
BRF:8
BRH:0
end_of_record
TN:
SF:/home/fe/Projects/food-diary/screens/HomeScreen.js
FN:18,HomeScreen
FNF:1
FNH:1
FNDA:1,HomeScreen
DA:19,1
DA:43,2
DA:47,2
LF:3
LH:3
BRF:0
BRH:0
end_of_record
TN:
SF:/home/fe/Projects/food-diary/screens/SettingsScreen.js
FN:4,SettingsScreen
FNF:1
FNH:1
FNDA:1,SettingsScreen
DA:9,1
DA:12,2
LF:2
LH:2
BRF:0
BRH:0
end_of_record
TN:
SF:/home/fe/Projects/food-diary/screens/StatsScreen.js
FN:4,StatsScreen
FNF:1
FNH:1
FNDA:1,StatsScreen
DA:9,1
DA:12,2
LF:2
LH:2
BRF:0
BRH:0
end_of_record
TN:
SF:/home/fe/Projects/food-diary/store/index.js
FN:18,(anonymous_0)
FN:26,(anonymous_1)
FNF:2
FNH:0
FNDA:0,(anonymous_0)
FNDA:0,(anonymous_1)
DA:8,0
DA:14,0
DA:16,0
DA:18,0
DA:19,0
DA:26,0
DA:27,0
DA:30,0
LF:8
LH:0
BRDA:21,0,0,0
BRDA:21,0,1,0
BRF:2
BRH:0
end_of_record
TN:
SF:/home/fe/Projects/food-diary/store/reducers.js
FN:3,(anonymous_0)
FNF:1
FNH:0
FNDA:0,(anonymous_0)
DA:3,0
DA:4,0
DA:6,0
DA:8,0
LF:4
LH:0
BRDA:3,0,0,0
BRDA:4,1,0,0
BRDA:4,1,1,0
BRF:3
BRH:0
end_of_record
TN:
SF:/home/fe/Projects/food-diary/store/auth/actions.js
FN:1,FakeLogin
FN:2,(anonymous_1)
FN:3,(anonymous_2)
FN:14,(anonymous_3)
FN:19,fakeLogout
FN:20,(anonymous_5)
FN:21,(anonymous_6)
FN:28,(anonymous_7)
FNF:8
FNH:0
FNDA:0,FakeLogin
FNDA:0,(anonymous_1)
FNDA:0,(anonymous_2)
FNDA:0,(anonymous_3)
FNDA:0,fakeLogout
FNDA:0,(anonymous_5)
FNDA:0,(anonymous_6)
FNDA:0,(anonymous_7)
DA:2,0
DA:3,0
DA:5,0
DA:8,0
DA:15,0
DA:20,0
DA:21,0
DA:22,0
DA:29,0
LF:9
LH:0
BRF:0
BRH:0
end_of_record
TN:
SF:/home/fe/Projects/food-diary/store/auth/reducers.js
FN:6,auth
FNF:1
FNH:0
FNDA:0,auth
DA:1,0
DA:7,0
DA:9,0
DA:10,0
DA:17,0
DA:20,0
DA:21,0
DA:28,0
DA:32,0
LF:9
LH:0
BRDA:6,0,0,0
BRDA:7,1,0,0
BRDA:7,1,1,0
BRDA:7,1,2,0
BRDA:9,2,0,0
BRDA:9,2,1,0
BRDA:20,3,0,0
BRDA:20,3,1,0
BRF:8
BRH:0
end_of_record
